<?xml version="1.0" encoding="UTF-8"?>
<!-- Generated by org.testng.reporters.JUnitReportReporter -->
<testsuite skipped="0" hostname="LAPTOP-BM39HD0G" name="testNG.demo1_testNG" tests="1" failures="0" timestamp="2022-07-18T17:26:13 IST" time="0.003" errors="0">
  <testcase name="second_gear" time="0.003" classname="testNG.demo1_testNG"/>
  <system-out/>
</testsuite> <!-- testNG.demo1_testNG -->
