<?xml version="1.0" encoding="UTF-8"?>
<!-- Generated by org.testng.reporters.JUnitReportReporter -->
<testsuite skipped="0" hostname="LAPTOP-BM39HD0G" name="testNG.Assert_test" tests="3" failures="0" timestamp="2022-07-20T23:17:29 IST" time="8.128" errors="0">
  <testcase name="url" time="1.337" classname="testNG.Assert_test"/>
  <system-out/>
  <testcase name="browserLaunch" time="3.360" classname="testNG.Assert_test"/>
  <system-out/>
  <testcase name="searchBox" time="3.431" classname="testNG.Assert_test"/>
  <system-out/>
</testsuite> <!-- testNG.Assert_test -->
